S:\ZIMENGY\CIS563_ASSIGNMENT3_CLOTH\HW2\PBD_STARTERKIT_GLUT\PBD_STARTERKIT\DEBUG\POSITIONBASEDDYNAMICS.EXE
S:\ZIMENGY\CIS563_ASSIGNMENT3_CLOTH\HW2\PBD_STARTERKIT_GLUT\PBD_STARTERKIT\DEBUG\POSITIONBASEDDYNAMICS.ILK
S:\ZIMENGY\CIS563_ASSIGNMENT3_CLOTH\HW2\PBD_STARTERKIT_GLUT\PBD_STARTERKIT\DEBUG\POSITIONBASEDDYNAMICS.PDB
S:\zimengy\CIS563_assignment3_cloth\hw2\PBD_starterkit_glut\PBD_starterkit\PositionBasedDynamics\Debug\cl.command.1.tlog
S:\zimengy\CIS563_assignment3_cloth\hw2\PBD_starterkit_glut\PBD_starterkit\PositionBasedDynamics\Debug\CL.read.1.tlog
S:\zimengy\CIS563_assignment3_cloth\hw2\PBD_starterkit_glut\PBD_starterkit\PositionBasedDynamics\Debug\CL.write.1.tlog
S:\ZIMENGY\CIS563_ASSIGNMENT3_CLOTH\HW2\PBD_STARTERKIT_GLUT\PBD_STARTERKIT\POSITIONBASEDDYNAMICS\DEBUG\CLOTH_SIM.OBJ
S:\ZIMENGY\CIS563_ASSIGNMENT3_CLOTH\HW2\PBD_STARTERKIT_GLUT\PBD_STARTERKIT\POSITIONBASEDDYNAMICS\DEBUG\CONSTRAINT.OBJ
S:\zimengy\CIS563_assignment3_cloth\hw2\PBD_starterkit_glut\PBD_starterkit\PositionBasedDynamics\Debug\link.4828.read.1.tlog
S:\zimengy\CIS563_assignment3_cloth\hw2\PBD_starterkit_glut\PBD_starterkit\PositionBasedDynamics\Debug\link.4828.write.1.tlog
S:\zimengy\CIS563_assignment3_cloth\hw2\PBD_starterkit_glut\PBD_starterkit\PositionBasedDynamics\Debug\link.4828-cvtres.read.1.tlog
S:\zimengy\CIS563_assignment3_cloth\hw2\PBD_starterkit_glut\PBD_starterkit\PositionBasedDynamics\Debug\link.4828-cvtres.write.1.tlog
S:\zimengy\CIS563_assignment3_cloth\hw2\PBD_starterkit_glut\PBD_starterkit\PositionBasedDynamics\Debug\link.5264.read.1.tlog
S:\zimengy\CIS563_assignment3_cloth\hw2\PBD_starterkit_glut\PBD_starterkit\PositionBasedDynamics\Debug\link.5264.write.1.tlog
S:\zimengy\CIS563_assignment3_cloth\hw2\PBD_starterkit_glut\PBD_starterkit\PositionBasedDynamics\Debug\link.5264-cvtres.read.1.tlog
S:\zimengy\CIS563_assignment3_cloth\hw2\PBD_starterkit_glut\PBD_starterkit\PositionBasedDynamics\Debug\link.5264-cvtres.write.1.tlog
S:\zimengy\CIS563_assignment3_cloth\hw2\PBD_starterkit_glut\PBD_starterkit\PositionBasedDynamics\Debug\link.5280.read.1.tlog
S:\zimengy\CIS563_assignment3_cloth\hw2\PBD_starterkit_glut\PBD_starterkit\PositionBasedDynamics\Debug\link.5280.read.3.tlog
S:\zimengy\CIS563_assignment3_cloth\hw2\PBD_starterkit_glut\PBD_starterkit\PositionBasedDynamics\Debug\link.5280.write.1.tlog
S:\zimengy\CIS563_assignment3_cloth\hw2\PBD_starterkit_glut\PBD_starterkit\PositionBasedDynamics\Debug\link.5280-cvtres.read.1.tlog
S:\zimengy\CIS563_assignment3_cloth\hw2\PBD_starterkit_glut\PBD_starterkit\PositionBasedDynamics\Debug\link.5280-cvtres.write.1.tlog
S:\zimengy\CIS563_assignment3_cloth\hw2\PBD_starterkit_glut\PBD_starterkit\PositionBasedDynamics\Debug\link.5800.read.1.tlog
S:\zimengy\CIS563_assignment3_cloth\hw2\PBD_starterkit_glut\PBD_starterkit\PositionBasedDynamics\Debug\link.5800.write.1.tlog
S:\zimengy\CIS563_assignment3_cloth\hw2\PBD_starterkit_glut\PBD_starterkit\PositionBasedDynamics\Debug\link.5800-cvtres.read.1.tlog
S:\zimengy\CIS563_assignment3_cloth\hw2\PBD_starterkit_glut\PBD_starterkit\PositionBasedDynamics\Debug\link.5800-cvtres.write.1.tlog
S:\zimengy\CIS563_assignment3_cloth\hw2\PBD_starterkit_glut\PBD_starterkit\PositionBasedDynamics\Debug\link.6204.read.1.tlog
S:\zimengy\CIS563_assignment3_cloth\hw2\PBD_starterkit_glut\PBD_starterkit\PositionBasedDynamics\Debug\link.6204.write.1.tlog
S:\zimengy\CIS563_assignment3_cloth\hw2\PBD_starterkit_glut\PBD_starterkit\PositionBasedDynamics\Debug\link.6204-cvtres.read.1.tlog
S:\zimengy\CIS563_assignment3_cloth\hw2\PBD_starterkit_glut\PBD_starterkit\PositionBasedDynamics\Debug\link.6204-cvtres.write.1.tlog
S:\zimengy\CIS563_assignment3_cloth\hw2\PBD_starterkit_glut\PBD_starterkit\PositionBasedDynamics\Debug\link.6244.read.1.tlog
S:\zimengy\CIS563_assignment3_cloth\hw2\PBD_starterkit_glut\PBD_starterkit\PositionBasedDynamics\Debug\link.6244.write.1.tlog
S:\zimengy\CIS563_assignment3_cloth\hw2\PBD_starterkit_glut\PBD_starterkit\PositionBasedDynamics\Debug\link.6244-cvtres.read.1.tlog
S:\zimengy\CIS563_assignment3_cloth\hw2\PBD_starterkit_glut\PBD_starterkit\PositionBasedDynamics\Debug\link.6244-cvtres.write.1.tlog
S:\zimengy\CIS563_assignment3_cloth\hw2\PBD_starterkit_glut\PBD_starterkit\PositionBasedDynamics\Debug\link.6664.read.1.tlog
S:\zimengy\CIS563_assignment3_cloth\hw2\PBD_starterkit_glut\PBD_starterkit\PositionBasedDynamics\Debug\link.6664.write.1.tlog
S:\zimengy\CIS563_assignment3_cloth\hw2\PBD_starterkit_glut\PBD_starterkit\PositionBasedDynamics\Debug\link.6664-cvtres.read.1.tlog
S:\zimengy\CIS563_assignment3_cloth\hw2\PBD_starterkit_glut\PBD_starterkit\PositionBasedDynamics\Debug\link.6664-cvtres.write.1.tlog
S:\zimengy\CIS563_assignment3_cloth\hw2\PBD_starterkit_glut\PBD_starterkit\PositionBasedDynamics\Debug\link.command.1.tlog
S:\zimengy\CIS563_assignment3_cloth\hw2\PBD_starterkit_glut\PBD_starterkit\PositionBasedDynamics\Debug\link.read.1.tlog
S:\zimengy\CIS563_assignment3_cloth\hw2\PBD_starterkit_glut\PBD_starterkit\PositionBasedDynamics\Debug\link.read.3.tlog
S:\zimengy\CIS563_assignment3_cloth\hw2\PBD_starterkit_glut\PBD_starterkit\PositionBasedDynamics\Debug\link.write.1.tlog
S:\zimengy\CIS563_assignment3_cloth\hw2\PBD_starterkit_glut\PBD_starterkit\PositionBasedDynamics\Debug\link-cvtres.read.1.tlog
S:\zimengy\CIS563_assignment3_cloth\hw2\PBD_starterkit_glut\PBD_starterkit\PositionBasedDynamics\Debug\link-cvtres.write.1.tlog
S:\ZIMENGY\CIS563_ASSIGNMENT3_CLOTH\HW2\PBD_STARTERKIT_GLUT\PBD_STARTERKIT\POSITIONBASEDDYNAMICS\DEBUG\MAIN.OBJ
S:\zimengy\CIS563_assignment3_cloth\hw2\PBD_starterkit_glut\PBD_starterkit\PositionBasedDynamics\Debug\mt.command.1.tlog
S:\zimengy\CIS563_assignment3_cloth\hw2\PBD_starterkit_glut\PBD_starterkit\PositionBasedDynamics\Debug\mt.read.1.tlog
S:\zimengy\CIS563_assignment3_cloth\hw2\PBD_starterkit_glut\PBD_starterkit\PositionBasedDynamics\Debug\mt.write.1.tlog
S:\zimengy\CIS563_assignment3_cloth\hw2\PBD_starterkit_glut\PBD_starterkit\PositionBasedDynamics\Debug\PositionBasedDynamics.exe.embed.manifest
S:\zimengy\CIS563_assignment3_cloth\hw2\PBD_starterkit_glut\PBD_starterkit\PositionBasedDynamics\Debug\PositionBasedDynamics.exe.embed.manifest.res
S:\ZIMENGY\CIS563_ASSIGNMENT3_CLOTH\HW2\PBD_STARTERKIT_GLUT\PBD_STARTERKIT\POSITIONBASEDDYNAMICS\DEBUG\POSITIONBASEDDYNAMICS.EXE.INTERMEDIATE.MANIFEST
S:\zimengy\CIS563_assignment3_cloth\hw2\PBD_starterkit_glut\PBD_starterkit\PositionBasedDynamics\Debug\PositionBasedDynamics.vcxprojResolveAssemblyReference.cache
S:\zimengy\CIS563_assignment3_cloth\hw2\PBD_starterkit_glut\PBD_starterkit\PositionBasedDynamics\Debug\PositionBasedDynamics.write.1.tlog
S:\zimengy\CIS563_assignment3_cloth\hw2\PBD_starterkit_glut\PBD_starterkit\PositionBasedDynamics\Debug\PositionBasedDynamics_manifest.rc
S:\zimengy\CIS563_assignment3_cloth\hw2\PBD_starterkit_glut\PBD_starterkit\PositionBasedDynamics\Debug\rc.command.1.tlog
S:\zimengy\CIS563_assignment3_cloth\hw2\PBD_starterkit_glut\PBD_starterkit\PositionBasedDynamics\Debug\rc.read.1.tlog
S:\zimengy\CIS563_assignment3_cloth\hw2\PBD_starterkit_glut\PBD_starterkit\PositionBasedDynamics\Debug\rc.write.1.tlog
S:\ZIMENGY\CIS563_ASSIGNMENT3_CLOTH\HW2\PBD_STARTERKIT_GLUT\PBD_STARTERKIT\POSITIONBASEDDYNAMICS\DEBUG\SCENE.OBJ
S:\ZIMENGY\CIS563_ASSIGNMENT3_CLOTH\HW2\PBD_STARTERKIT_GLUT\PBD_STARTERKIT\POSITIONBASEDDYNAMICS\DEBUG\STB_IMAGE.OBJ
S:\ZIMENGY\CIS563_ASSIGNMENT3_CLOTH\HW2\PBD_STARTERKIT_GLUT\PBD_STARTERKIT\POSITIONBASEDDYNAMICS\DEBUG\STB_IMAGE_WRITE.OBJ
S:\zimengy\CIS563_assignment3_cloth\hw2\PBD_starterkit_glut\PBD_starterkit\PositionBasedDynamics\Debug\vc100.idb
S:\ZIMENGY\CIS563_ASSIGNMENT3_CLOTH\HW2\PBD_STARTERKIT_GLUT\PBD_STARTERKIT\POSITIONBASEDDYNAMICS\DEBUG\VC100.PDB
